<?xml version="1.0" encoding="UTF-8"?>
<!-- Generated by org.testng.reporters.JUnitReportReporter -->
<testsuite skipped="0" hostname="WUHF8BL9G6A68RE" name="com.testjenkins.AppTest" tests="1" failures="0" timestamp="12 九月 2018 02:49:46 GMT" time="0.035" errors="0">
  <testcase name="shouldAnswerWithTrue" time="0.035" classname="com.testjenkins.AppTest"/>
</testsuite> <!-- com.testjenkins.AppTest -->
