<?xml version="1.0" encoding="UTF-8"?>
<!-- Generated by org.testng.reporters.JUnitReportReporter -->
<testsuite skipped="0" hostname="WUHF8BL9G6A68RE" name="com.testjenkins.AppTest" tests="2" failures="0" timestamp="12 九月 2018 05:05:40 GMT" time="0.035" errors="0">
  <testcase name="test1" time="0.003" classname="com.testjenkins.AppTest"/>
  <testcase name="shouldAnswerWithTrue" time="0.032" classname="com.testjenkins.AppTest"/>
</testsuite> <!-- com.testjenkins.AppTest -->
